GROUP,PACKAGE,CLASS,INSTRUCTION_MISSED,INSTRUCTION_COVERED,BRANCH_MISSED,BRANCH_COVERED,LINE_MISSED,LINE_COVERED,COMPLEXITY_MISSED,COMPLEXITY_COVERED,METHOD_MISSED,METHOD_COVERED
OpenWMS.org TMS: Routing Services Library,org.openwms.common.comm.osip.sysu,SystemUpdateMessageHandler,49,15,0,0,5,6,2,1,2,1
OpenWMS.org TMS: Routing Services Library,org.openwms.common.comm.osip.sysu,SystemUpdateMessageController,11,0,0,0,5,0,2,0,2,0
OpenWMS.org TMS: Routing Services Library,org.openwms.common.comm.osip.sysu,SystemUpdateMessageListener,14,6,0,0,5,3,1,1,1,1
OpenWMS.org TMS: Routing Services Library,org.openwms.common.comm.osip.sysu,SystemUpdateVO,168,0,14,0,32,0,21,0,14,0
OpenWMS.org TMS: Routing Services Library,org.openwms.common.comm.osip.sysu,SystemUpdateMessageConfiguration,0,22,0,0,0,7,0,4,0,4
OpenWMS.org TMS: Routing Services Library,org.openwms.tms.routing.location.impl,LocationServiceImpl,165,13,18,0,41,5,15,2,6,2
OpenWMS.org TMS: Routing Services Library,org.openwms.tms.routing.config,OwmsProperties,17,18,0,0,6,6,2,4,2,4
OpenWMS.org TMS: Routing Services Library,org.openwms.tms.routing.config,OwmsProperties.Routing,3,7,0,0,1,3,1,2,1,2
OpenWMS.org TMS: Routing Services Library,org.openwms.tms.routing,Action,385,6,34,0,61,2,42,1,25,1
OpenWMS.org TMS: Routing Services Library,org.openwms.tms.routing,RouteConst,43,6,8,0,9,3,8,1,4,1
OpenWMS.org TMS: Routing Services Library,org.openwms.tms.routing,InputContext.new InheritableThreadLocal() {...},4,3,0,0,1,1,1,1,1,1
OpenWMS.org TMS: Routing Services Library,org.openwms.tms.routing,InputContext,74,9,8,0,14,2,12,1,8,1
OpenWMS.org TMS: Routing Services Library,org.openwms.tms.routing,RoutingModuleConfiguration,7,19,0,0,1,5,1,5,1,5
OpenWMS.org TMS: Routing Services Library,org.openwms.tms.routing,LocationEO,112,6,14,0,20,2,18,2,11,2
OpenWMS.org TMS: Routing Services Library,org.openwms.tms.routing,RouteImpl,49,96,12,4,10,34,9,23,3,21
OpenWMS.org TMS: Routing Services Library,org.openwms.tms.routing.ui,RouteResource,0,65,0,0,0,11,0,7,0,7
OpenWMS.org TMS: Routing Services Library,org.openwms.tms.routing.ui,ActionResource,39,7,0,0,8,3,4,1,4,1
OpenWMS.org TMS: Routing Services Library,org.openwms.tms.routing.spi,ActivitiMatrix,329,19,40,0,38,7,24,2,4,2
OpenWMS.org TMS: Routing Services Library,org.openwms.tms.routing.ui.api,RouteVO,87,119,30,2,8,28,17,20,1,20
OpenWMS.org TMS: Routing Services Library,org.openwms.tms.routing.ui.api,ActionVO,213,0,30,0,38,0,37,0,22,0
OpenWMS.org TMS: Routing Services Library,org.openwms.common.location,LocationPK.Builder,33,0,0,0,12,0,7,0,7,0
OpenWMS.org TMS: Routing Services Library,org.openwms.common.location,LocationPK,203,0,22,0,43,0,26,0,15,0
OpenWMS.org TMS: Routing Services Library,org.openwms.common.location,LocationGroupController,10,0,0,0,4,0,2,0,2,0
OpenWMS.org TMS: Routing Services Library,org.openwms.tms.routing.routes,ExternalStartListener,101,19,2,0,21,7,2,2,1,2
OpenWMS.org TMS: Routing Services Library,org.openwms.tms.routing.routes,RouteDetails,93,3,12,0,16,2,15,1,9,1
OpenWMS.org TMS: Routing Services Library,org.openwms.tms.routing.routes,NoRouteException,0,4,0,0,0,2,0,1,0,1
OpenWMS.org TMS: Routing Services Library,org.openwms.common.comm.osip.locu,LocationUpdateMessageHandler,77,18,4,0,11,7,3,1,1,1
OpenWMS.org TMS: Routing Services Library,org.openwms.common.comm.osip.locu,LocationUpdateMessageConfiguration,0,22,0,0,0,7,0,4,0,4
OpenWMS.org TMS: Routing Services Library,org.openwms.common.comm.osip.locu,LocationUpdateMessageListener,14,6,0,0,5,3,1,1,1,1
OpenWMS.org TMS: Routing Services Library,org.openwms.common.comm.osip.locu,LocationUpdateVO,208,0,26,0,33,0,29,0,16,0
OpenWMS.org TMS: Routing Services Library,org.openwms.common.comm.osip.locu,LocationUpdateMessageController,11,0,0,0,5,0,2,0,2,0
OpenWMS.org TMS: Routing Services Library,org.openwms.tms.routing.location,LocationController,22,10,0,0,5,4,2,2,2,2
OpenWMS.org TMS: Routing Services Library,org.openwms.tms.routing.routes.impl,RouteSearchAlgorithmImpl,723,21,62,0,97,7,57,2,26,2
OpenWMS.org TMS: Routing Services Library,org.openwms.tms.routing.routes.impl,ExplicitRouteSearch,16,73,1,3,1,15,1,6,0,5
OpenWMS.org TMS: Routing Services Library,org.openwms.tms.routing.routes.impl,RouteServiceImpl,159,19,8,0,30,7,14,2,10,2
OpenWMS.org TMS: Routing Services Library,org.openwms.tms.routing.routes.impl,FeignLocationGroupLoader,4,6,0,0,1,3,1,1,1,1
OpenWMS.org TMS: Routing Services Library,org.openwms.tms.routing.app,Registrator,12,34,0,0,3,10,1,4,1,4
OpenWMS.org TMS: Routing Services Library,org.openwms.tms.routing.app,RoutingAsyncConfiguration,9,148,1,1,3,45,2,16,1,16
OpenWMS.org TMS: Routing Services Library,org.openwms.tms.routing.app,RoutingStandaloneConfiguration,0,13,0,0,0,2,0,2,0,2
OpenWMS.org TMS: Routing Services Library,org.openwms.tms.routing.app,RoutingOtlpConfiguration.OtelConfiguration,0,8,0,0,0,2,0,2,0,2
OpenWMS.org TMS: Routing Services Library,org.openwms.tms.routing.app,RoutingFeignConfiguration,0,9,0,0,0,2,0,2,0,2
OpenWMS.org TMS: Routing Services Library,org.openwms.tms.routing.app,CacheJanitor,8,7,0,0,4,2,2,2,2,2
OpenWMS.org TMS: Routing Services Library,org.openwms.tms.routing.app,ConfigServerResourcePatternResolver,82,14,1,1,14,4,3,2,2,2
OpenWMS.org TMS: Routing Services Library,org.openwms.tms.routing.app,ResourceResolverRegistrar,0,27,0,2,0,8,0,5,0,4
OpenWMS.org TMS: Routing Services Library,org.openwms.tms.routing.app,LocationMessageListener,81,13,11,0,28,5,9,2,2,2
OpenWMS.org TMS: Routing Services Library,org.openwms.tms.routing.app,RoutingWebConfiguration,0,31,0,0,0,9,0,4,0,4
OpenWMS.org TMS: Routing Services Library,org.openwms.tms.routing.app,RoutingOtlpConfiguration,3,0,0,0,1,0,1,0,1,0
OpenWMS.org TMS: Routing Services Library,org.openwms.tms.routing.app,EntityEventListener,58,10,8,0,22,4,7,2,1,2
OpenWMS.org TMS: Routing Services Library,org.openwms.common.comm.osip.upd,UpdateMessageConfiguration,0,41,0,0,0,13,0,7,0,7
OpenWMS.org TMS: Routing Services Library,org.openwms.common.comm.osip.upd,UpdateMessageController,11,0,0,0,5,0,2,0,2,0
OpenWMS.org TMS: Routing Services Library,org.openwms.common.comm.osip.upd,UpdateMessageListener,28,6,0,0,10,3,2,1,2,1
OpenWMS.org TMS: Routing Services Library,org.openwms.common.comm.osip.res,ResponseHeader.Builder,20,0,0,0,7,0,4,0,4,0
OpenWMS.org TMS: Routing Services Library,org.openwms.common.comm.osip.res,AmqpResponder,216,15,0,0,34,6,5,1,5,1
OpenWMS.org TMS: Routing Services Library,org.openwms.common.comm.osip.res,ResponseHeader,43,0,0,0,17,0,9,0,9,0
OpenWMS.org TMS: Routing Services Library,org.openwms.common.comm.osip.res,ResponseMessage,87,0,0,0,33,0,17,0,17,0
OpenWMS.org TMS: Routing Services Library,org.openwms.common.comm.osip.res,ResSenderApi,191,0,6,0,34,0,8,0,5,0
OpenWMS.org TMS: Routing Services Library,org.openwms.common.comm.osip.res,ResponseMessageConfiguration,0,10,0,0,0,2,0,2,0,2
OpenWMS.org TMS: Routing Services Library,org.openwms.common.comm.osip.res,ResponseMessage.Builder,48,0,2,0,17,0,9,0,8,0
OpenWMS.org TMS: Routing Services Library,org.openwms.common.comm.osip.req,RequestMessageListener,14,6,0,0,5,3,1,1,1,1
OpenWMS.org TMS: Routing Services Library,org.openwms.common.comm.osip.req,RequestMessageConfiguration,0,22,0,0,0,6,0,4,0,4
OpenWMS.org TMS: Routing Services Library,org.openwms.common.comm.osip.req,RequestMessageController,11,0,0,0,5,0,2,0,2,0
OpenWMS.org TMS: Routing Services Library,org.openwms.common.comm,ItemMessage,97,0,6,0,28,0,18,0,15,0
OpenWMS.org TMS: Routing Services Library,org.openwms.common.comm,MessageProcessingException,9,0,0,0,4,0,2,0,2,0
OpenWMS.org TMS: Routing Services Library,org.openwms.common.comm,ItemMessageHeader,66,0,0,0,19,0,9,0,9,0
OpenWMS.org TMS: Routing Services Library,org.openwms.common.comm,ItemMessageHandler,159,24,6,0,26,9,7,1,4,1
OpenWMS.org TMS: Routing Services Library,org.openwms.tms.routing.ui.impl,RouteMapperImpl,40,215,11,21,4,58,11,12,0,7
OpenWMS.org TMS: Routing Services Library,org.openwms.tms.routing.ui.impl,RouteUIServiceImpl,18,116,2,2,2,21,2,8,0,8
OpenWMS.org TMS: Routing Services Library,org.openwms.tms.routing.ui.impl,ActionMapper,0,7,0,0,0,3,0,2,0,2
OpenWMS.org TMS: Routing Services Library,org.openwms.tms.routing.ui.impl,RouteMapper,0,7,0,0,0,3,0,2,0,2
OpenWMS.org TMS: Routing Services Library,org.openwms.tms.routing.ui.impl,ActionMapperImpl,176,3,14,0,47,1,12,1,5,1
OpenWMS.org TMS: Routing Services Library,org.openwms.tms.routing.ui.impl,ActionUIServiceImpl,71,12,0,0,10,5,4,1,4,1
OpenWMS.org TMS: Routing Services Library,org.openwms.common.comm.osip.err,ErrorMessageListener,14,6,0,0,5,3,1,1,1,1
OpenWMS.org TMS: Routing Services Library,org.openwms.common.comm.osip.err,ErrorMessageHandler,53,15,0,0,10,6,2,1,2,1
OpenWMS.org TMS: Routing Services Library,org.openwms.common.comm.osip.err,ErrorMessageVO,159,0,14,0,27,0,20,0,13,0
OpenWMS.org TMS: Routing Services Library,org.openwms.common.comm.osip.err,ErrorMessageConfiguration,0,22,0,0,0,7,0,4,0,4
